TN:
SF:models\database.js
FN:18,asyncQuery
FNF:1
FNH:1
FNDA:28,asyncQuery
DA:1,1
DA:2,1
DA:3,1
DA:4,1
DA:5,1
DA:6,1
DA:7,1
DA:8,1
DA:9,1
DA:10,1
DA:11,1
DA:12,1
DA:13,1
DA:14,3
DA:15,3
DA:16,1
DA:17,1
DA:18,1
DA:19,28
DA:20,28
DA:21,28
DA:22,28
DA:23,28
DA:24,28
DA:25,28
DA:26,1
DA:27,1
DA:28,1
DA:29,1
LF:29
LH:29
BRDA:13,0,0,3
BRDA:14,1,0,0
BRDA:18,2,0,28
BRDA:19,3,0,28
BRDA:20,4,0,28
BRDA:21,5,0,0
BRF:6
BRH:4
end_of_record
TN:
SF:models\group.js
FN:4,createGroup
FN:13,deleteGroup
FN:18,updateGroup
FN:27,getGroup
FNF:4
FNH:4
FNDA:1,createGroup
FNDA:1,deleteGroup
FNDA:1,updateGroup
FNDA:5,getGroup
DA:1,1
DA:2,1
DA:3,1
DA:4,1
DA:5,1
DA:6,1
DA:7,1
DA:8,1
DA:9,1
DA:10,1
DA:11,1
DA:12,1
DA:13,1
DA:14,1
DA:15,1
DA:16,1
DA:17,1
DA:18,1
DA:19,1
DA:20,1
DA:21,1
DA:22,1
DA:23,1
DA:24,1
DA:25,1
DA:26,1
DA:27,1
DA:28,5
DA:29,3
DA:30,3
DA:31,2
DA:32,2
DA:33,2
DA:34,1
DA:35,1
LF:35
LH:35
BRDA:4,0,0,1
BRDA:13,1,0,1
BRDA:18,2,0,1
BRDA:27,3,0,5
BRDA:28,4,0,3
BRDA:30,5,0,2
BRF:6
BRH:6
end_of_record
TN:
SF:models\post.js
FN:8,getPost
FN:20,getPostWithCounts
FN:37,updatePost
FN:58,createPost
FN:67,deletePost
FN:72,addView
FNF:6
FNH:6
FNDA:6,getPost
FNDA:1,getPostWithCounts
FNDA:1,updatePost
FNDA:1,createPost
FNDA:1,deletePost
FNDA:1,addView
DA:1,1
DA:2,1
DA:3,1
DA:4,1
DA:5,1
DA:6,1
DA:7,1
DA:8,1
DA:9,6
DA:10,6
DA:11,2
DA:12,6
DA:13,0
DA:14,4
DA:15,4
DA:16,4
DA:17,6
DA:18,6
DA:19,1
DA:20,1
DA:21,1
DA:22,1
DA:23,0
DA:24,0
DA:25,0
DA:26,0
DA:27,1
DA:28,1
DA:29,1
DA:30,1
DA:31,1
DA:32,1
DA:33,1
DA:34,1
DA:35,1
DA:36,1
DA:37,1
DA:38,1
DA:39,1
DA:40,1
DA:41,1
DA:42,1
DA:43,1
DA:44,1
DA:45,1
DA:46,1
DA:47,1
DA:48,1
DA:49,1
DA:50,1
DA:51,1
DA:52,1
DA:53,1
DA:54,1
DA:55,1
DA:56,1
DA:57,1
DA:58,1
DA:59,1
DA:60,1
DA:61,1
DA:62,1
DA:63,1
DA:64,1
DA:65,1
DA:66,1
DA:67,1
DA:68,1
DA:69,1
DA:70,1
DA:71,1
DA:72,1
DA:73,1
DA:74,1
DA:75,1
DA:76,1
DA:77,1
LF:77
LH:72
BRDA:8,0,0,6
BRDA:10,1,0,2
BRDA:12,2,0,4
BRDA:12,3,0,0
BRDA:20,4,0,1
BRDA:22,5,0,0
BRDA:37,6,0,1
BRDA:58,7,0,1
BRDA:67,8,0,1
BRDA:72,9,0,1
BRF:10
BRH:8
end_of_record
TN:
SF:models\user.js
FN:4,getUser
FN:13,getUsers
FN:18,createUser
FN:27,updateUser
FN:39,deleteUser
FNF:5
FNH:5
FNDA:5,getUser
FNDA:1,getUsers
FNDA:1,createUser
FNDA:1,updateUser
FNDA:1,deleteUser
DA:1,1
DA:2,1
DA:3,1
DA:4,1
DA:5,5
DA:6,3
DA:7,3
DA:8,3
DA:9,2
DA:10,2
DA:11,2
DA:12,1
DA:13,1
DA:14,1
DA:15,1
DA:16,1
DA:17,1
DA:18,1
DA:19,1
DA:20,1
DA:21,1
DA:22,1
DA:23,1
DA:24,1
DA:25,1
DA:26,1
DA:27,1
DA:28,1
DA:29,1
DA:30,1
DA:31,1
DA:32,1
DA:33,1
DA:34,1
DA:35,1
DA:36,1
DA:37,1
DA:38,1
DA:39,1
DA:40,1
DA:41,1
DA:42,1
DA:43,1
DA:44,1
LF:44
LH:44
BRDA:4,0,0,5
BRDA:5,1,0,3
BRDA:8,2,0,2
BRDA:13,3,0,1
BRDA:18,4,0,1
BRDA:27,5,0,1
BRDA:39,6,0,1
BRF:7
BRH:7
end_of_record
